<xml>
<run>rm -rvf pool-desc.txt nodes analysis tmp_*.trr node_preview_from_*.pdb *fixed.mdp</run>

<run>zgf_create_pool -C 2 -G 3 -p topol-4.5.5.top</run>

<run>zgf_create_nodes -E 2 -L 1 -l 1 -K 3 -s 123</run>
<match-stdout>
Discretization overview:
- Variance per int of presampling trajectory:
[[ 1.98054345  1.88090812]]
- Variance per int of chosen nodes:
[[ 1.17336184  1.29637919]]
- Relative variance per int of chosen nodes:
[[ 0.59244438  0.68923047]]
</match-stdout>
<match-stdout>
### Obtain alpha: theta ###
theta_mean: 2.639225, theta_median: 2.609401
alpha (from theta_median): 0.391952
</match-stdout>

<run>zgf_setup_nodes</run>
<match-stdout>
node0001: pdb vs internals deviation: 5.95e-08
node0002: pdb vs internals deviation: 2.30e-08
node0003: pdb vs internals deviation: 4.10e-08
</match-stdout>

<run>zgf_grompp</run>

<run>zgf_cleanup</run>
<match-stdout>
Node node0000 is refined and not locked.
Node node0001 is mdrun-able and not locked.
Node node0002 is mdrun-able and not locked.
Node node0003 is mdrun-able and not locked.
</match-stdout>

<run>zgf_mdrun -sr</run>
<match-stdout>
W_chain_vars [ 0.00562354  0.00706181]
B_total_var [ 0.00393747  0.00240733]
</match-stdout>
<match-stdout>
W_chain_vars [ 0.00215194  0.01773996]
B_total_var [ 0.01184241  0.00603198]
</match-stdout>
<match-stdout>
W_chain_vars [ 0.0646591   0.09646735]
B_total_var [ 0.04459261  0.23297915]
</match-stdout>

<run>zgf_cleanup</run>
<match-stdout>
Node node0000 is refined and not locked.
Node node0001 is converged and not locked.
Node node0002 is converged and not locked.
Node node0003 is converged and not locked.
</match-stdout>

<run>zgf_reweight -c</run>
<match-stdout>
  unweighted mean V: 87.5072236 [kJ/mol], without penalty potential
  phi-weighted mean V: 88.8413144468 [kJ/mol], without penalty potential
  weighted mean V: 88.026321 [kJ/mol]
  energy region (=weighted V standard deviation): 26.257317 [kJ/mol]
  evaluation region (=conjugate variance): 0.117987
  number of refpoints: 3
WARNING: No nearpoints found for refpoint 1! (node0003)
Thermodynamic weights calculated by method 'entropy':
  node0003 with A: 85.740766 [kJ/mol] and weight: 0.999988
  node0002 with A: 113.915155 [kJ/mol] and weight: 0.000012
  node0001 with A: 129.778020 [kJ/mol] and weight: 0.000000
</match-stdout>

<run>zgf_analyze -c -s</run>
<match-stdout>
### Node weights after symmetrization of S matrix:
node0001: initial weight: 0.000000, corrected weight: 0.412048, weight change: 0.412048
node0002: initial weight: 0.000012, corrected weight: 0.434589, weight change: 0.434576
node0003: initial weight: 0.999988, corrected weight: 0.153364, weight change: 0.846624

### Sorted eigenvalues of symmetrized S matrix:
EV0001: 1.000000, gap to next: 0.198090, EV-weighted gap to next: 0.198090
EV0002: 0.801910, gap to next: 0.262640, EV-weighted gap to next: 0.210613
EV0003: 0.539270, gap to next: 0.000000, EV-weighted gap to next: 0.000000
</match-stdout>
<match-stdout>
-- cluster weights: first column of rot_matrix --
[ 0.47710284  0.5228971 ]
-- cluster weights: numpy.dot(node_weights, chi_matrix) --
[ 0.47695285  0.52304704]
</match-stdout>

<run>zgf_extract_conformations</run>
<match-stdout>
### Extraction summary ###
node threshold: 0.5, frame threshold: 0.5
Cluster trajectories were written to ./analysis/:
cluster1.trr [3 frames] from node(s):
[0]
cluster2.trr [3 frames] from node(s):
[1, 2]
</match-stdout>

<run>zgf_create_tnodes -t clusters -n 2 -r 2 -l 5 -s pdb -c 0.9 -m 3</run>
<match-stdout>
-----
Generating transition nodes for node node0001...
Using frame 0 as starting configuration.
Using frame 4 as starting configuration.
2 transition nodes generated.
-----
</match-stdout>
<match-stdout>
-----
Generating transition nodes for node node0003...
Using frame 0 as starting configuration.
Using frame 4 as starting configuration.
2 transition nodes generated.
-----
</match-stdout>
<match-stdout>
-----
Generating transition nodes for node node0002...
Using frame 0 as starting configuration.
Using frame 4 as starting configuration.
2 transition nodes generated.
-----
</match-stdout>

<run>zgf_mdrun -sr</run>

<run>zgf_create_pmatrix</run>
<match-stdout>
 CLUSTER 0 contains the following nodes:
[0]
Loading trr-file: nodes/node0001/node0001.trr... 
done.
Node 0
chi value: 1.0
counter:   1
cluster:   0
#tnodes:   2
- - - -
</match-stdout>
<match-stdout>
 CLUSTER 1 contains the following nodes:
[2 1]
Loading trr-file: nodes/node0003/node0003.trr... 
done.
Node 2
chi value: 0.576789606246
counter:   1
cluster:   1
#tnodes:   2
- - - -
Loading trr-file: nodes/node0002/node0002.trr... 
done.
Node 1
chi value: 1.0
counter:   2
cluster:   1
#tnodes:   2
- - - -
</match-stdout>
<match-stdout>
Clusters: [array([0]), array([2, 1])]
Transition matrix Pc for tau = 5 ps:
</match-stdout>

</xml>
