<xml>
<run>rm -rvf pool-desc.txt nodes analysis tmp_*.xtc tmp_*.trr node_preview_from_*.pdb</run>

<run>zgf_create_pool.py -C 2</run>
<match-stdout>
'gr_threshold': 1.1,
</match-stdout>

<run>zgf_create_nodes.py -E 2 -L 1 -K 3 -s 123</run>
<match-stdout>
Discretization overview:
- Variance per int of presampling trajectory:
[[ 0.44190793  0.09361534]]
- Variance per int of chosen nodes:
[[ 0.30607372  0.01987077]]
- Relative variance per int of chosen nodes:
[[ 0.69261875  0.21225973]]
</match-stdout>
<match-stdout>
### Obtain alpha: theta ###
theta_mean: 0.597080, theta_median: 0.423875
alpha (from theta_median): 14.853864
</match-stdout>

<run>zgf_setup_nodes.py</run>

<run>zgf_grompp.py</run>

<run>zgf_cleanup.py</run>
<match-stdout>
Node node0000 is refined and not locked.
Node node0001 is mdrun-able and not locked.
Node node0002 is mdrun-able and not locked.
Node node0003 is mdrun-able and not locked.
</match-stdout>

<run>zgf_mdrun.py -r</run>
<match-stdout>
W_chain_vars [ 0.01224599  0.03509901]
B_total_var [ 0.00193118  0.01485678]
</match-stdout>
<match-stdout>
W_chain_vars [ 0.00926474  0.0079872 ]
B_total_var [  6.56678709e-05   6.14424475e-03]
</match-stdout>
<match-stdout>
W_chain_vars [ 0.01380239  0.01951622]
B_total_var [ 0.03372103  0.000322  ]
</match-stdout>
<match-stdout>
W_chain_vars [ 0.04574789  0.02328364]
B_total_var [ 0.01686901  0.00866165]
</match-stdout>
<match-stdout>
W_chain_vars [ 0.06114424  0.01754179]
B_total_var [ 0.00072683  0.01052439]
</match-stdout>

<run>zgf_cleanup.py</run>
<match-stdout>
Node node0000 is refined and not locked.
Node node0001 is converged and not locked.
Node node0002 is converged and not locked.
Node node0003 is converged and not locked.
</match-stdout>

<run>zgf_reweight.py</run>
<match-stdout>
  unweighted mean V: 480.7561768 [kJ/mol], without penalty potential
  phi-weighted mean V: 481.541972775 [kJ/mol], without penalty potential
  weighted mean V: 479.677231 [kJ/mol]
  energy region (=weighted V standard deviation): 8.375872 [kJ/mol]
  evaluation region (=conjugate variance): 0.059863
  number of refpoints: 3
WARNING: No nearpoints found for refpoint 4! (node0001)
</match-stdout>
<match-stdout>
  unweighted mean V: 492.749779538 [kJ/mol], without penalty potential
  phi-weighted mean V: 493.489120168 [kJ/mol], without penalty potential
  weighted mean V: 492.673241 [kJ/mol]
  energy region (=weighted V standard deviation): 12.959908 [kJ/mol]
  evaluation region (=conjugate variance): 0.059863
  number of refpoints: 7
WARNING: No nearpoints found for refpoint 9! (node0002)
</match-stdout>
<match-stdout>
  unweighted mean V: 496.4159666 [kJ/mol], without penalty potential
  phi-weighted mean V: 496.417170862 [kJ/mol], without penalty potential
  weighted mean V: 496.419167 [kJ/mol]
  energy region (=weighted V standard deviation): 5.871626 [kJ/mol]
  evaluation region (=conjugate variance): 0.059863
  number of refpoints: 2
WARNING: No nearpoints found for refpoint 3! (node0003)
WARNING: No nearpoints found for refpoint 4! (node0003)
Thermodynamic weights calculated by method 'entropy' (ignore-sol=True):
  node0001 with A: 478.403050 [kJ/mol] and weight: 0.982466
  node0002 with A: 489.015675 [kJ/mol] and weight: 0.013949
  node0003 with A: 492.404657 [kJ/mol] and weight: 0.003585
</match-stdout>

<run>zgf_analyze.py -c</run>
<match-stdout>
### Node weights after symmetrization of S matrix:
node0001: initial weight: 0.982466, corrected weight: 0.036122, weight change: 0.946344
node0002: initial weight: 0.013949, corrected weight: 0.095112, weight change: 0.081163
node0003: initial weight: 0.003585, corrected weight: 0.868766, weight change: 0.865181

### Sorted eigenvalues of symmetrized S matrix:
EV0001: 1.000000, gap to next: 0.034165, EV-weighted gap to next: 0.034165
EV0002: 0.965835, gap to next: 0.237077, EV-weighted gap to next: 0.228977
EV0003: 0.728758, gap to next: 0.000000, EV-weighted gap to next: 0.000000

### Maximum gap 0.237077 after top 2 eigenvalues.
</match-stdout>
<match-stdout>
Q_c matrix:
[[-0.03020952  0.03020952]
 [ 0.00395573 -0.00395573]]
</match-stdout>
<match-stdout>
cluster weights (calculated twice for checking):
[ 0.11578231  0.88421761]
[ 0.11583776  0.88416209]
</match-stdout>

</xml>
